bin
boot
data
dev
etc
home
lib
lost+found
man
media
mnt
opt
proc
root
run
sbin
srv
sys
tmp
usr
var
vhost
bin
boot
data
dev
etc
home
lib
lost+found
man
media
mnt
opt
proc
root
run
sbin
srv
sys
tmp
usr
var
vhost
c
c.c
log
pid
popen.c
s
s.c
s_daemon.c
c
c.c
log
pid
popen.c
s
s.c
s_daemon.c
c
c.c
log
pid
popen.c
s
s.c
s_daemon.c
c
c.c
log
pid
popen.c
s
s.c
s_daemon.c
c
c.c
log
pid
popen.c
s
s.c
s_daemon.c
c
c.c
log
pid
popen.c
s
s.c
s_daemon.c
c
c.c
log
pid
popen.c
s
s.c
s_daemon.c
c
c.c
log
pid
popen.c
s
s.c
s_daemon.c
c
c.c
log
pid
popen.c
s
s.c
s_daemon.c
c
c.c
log
pid
popen.c
s
s.c
s_daemon.c
c
c.c
log
pid
popen.c
s
s.c
s_daemon.c
c
c.c
log
pid
popen.c
s
s.c
s_daemon.c
c
c.c
glibc-2.24_armel.tar.bz2
log
pid
popen.c
s
s.c
s_daemon.c
c
c.c
glibc-2.24_armel.tar.bz2
log
pid
popen.c
s
s.c
s_daemon.c
c
c.c
c_help.c
log
Makefile
pid
popen.c
s
s.c
s_daemon.c
s_help.c
VERSION
c
c.c
c_help.c
conf
config.c
log
Makefile
pid
popen.c
s
s.c
s_daemon.c
s_help.c
VERSION
c
c.c
c_help.c
conf
config.c
log
Makefile
pid
popen.c
s
s.c
s_daemon.c
s_help.c
VERSION
uid=0(root) gid=0(root) ç»„=0(root)
ÿuid=0(root) gid=0(root) ç»„=0(root)
//// g$ž[uid=0(root) gid=0(root) ç»„=0(root)
////˜â$ž[c
c.c
c_help.c
conf
config.c
log
Makefile
pid
popen.c
s
s.c
s_daemon.c
s_help.c
VERSION
uid=0(root) gid=0(root) ç»„=0(root)
////˜â$ž[c
c.c
c_help.c
conf
config.c
log
Makefile
pid
popen.c
s
s.c
s_daemon.c
s_help.c
VERSION
bin
boot
dev
etc
home
init
lib
lib64
media
mnt
opt
proc
root
run
sbin
srv
sys
tmp
usr
var
  PID TTY      STAT   TIME COMMAND
    1 ?        Ss     0:00 /init ro
    3 tty1     Ss     0:00 /init ro
    4 tty1     S      0:00 -bash
    9 tty1     S      0:00 su
   10 tty1     S      0:01 bash
 1815 tty2     Ss     0:00 /init ro
 1816 tty2     S      0:00 -bash
 2328 tty2     S      0:00 su
 2329 tty2     S      0:00 bash
 3233 ?        S      0:00 ./s -d
 3235 ?        Z      0:00 [s] <defunct>
 3239 ?        Z      0:00 [s] <defunct>
 3249 ?        S      0:00 ./s -d
 3250 ?        S      0:00 sh -c ps -ax
 3251 ?        R      0:00 ps -ax
